This is pdfTeX, Version 3.14159265-2.6-1.40.16 (TeX Live 2015/Arch Linux) (preloaded format=pdflatex 2015.11.20)  9 DEC 2015 23:37
entering extended mode
 restricted \write18 enabled.
 %&-line parsing enabled.
**Tikz.tex
(./Tikz.tex
LaTeX2e <2015/10/01> patch level 2
Babel <3.9m> and hyphenation patterns for 79 languages loaded.

! LaTeX Error: Environment tikzpicture undefined.

See the LaTeX manual or LaTeX Companion for explanation.
Type  H <return>  for immediate help.
 ...                                              
                                                  
l.1 \begin{tikzpicture}
                       [show background rectangle,
Your command was ignored.
Type  I <command> <return>  to replace it with another command,
or  <return>  to continue without it.


! LaTeX Error: Missing \begin{document}.

See the LaTeX manual or LaTeX Companion for explanation.
Type  H <return>  for immediate help.
 ...                                              
                                                  
l.1 \begin{tikzpicture}[
                        show background rectangle,
You're in trouble here.  Try typing  <return>  to proceed.
If that doesn't work, type  X <return>  to quit.

Missing character: There is no [ in font nullfont!
Missing character: There is no s in font nullfont!
Missing character: There is no h in font nullfont!
Missing character: There is no o in font nullfont!
Missing character: There is no w in font nullfont!
Missing character: There is no b in font nullfont!
Missing character: There is no a in font nullfont!
Missing character: There is no c in font nullfont!
Missing character: There is no k in font nullfont!
Missing character: There is no g in font nullfont!
Missing character: There is no r in font nullfont!
Missing character: There is no o in font nullfont!
Missing character: There is no u in font nullfont!
Missing character: There is no n in font nullfont!
Missing character: There is no d in font nullfont!
Missing character: There is no r in font nullfont!
Missing character: There is no e in font nullfont!
Missing character: There is no c in font nullfont!
Missing character: There is no t in font nullfont!
Missing character: There is no a in font nullfont!
Missing character: There is no n in font nullfont!
Missing character: There is no g in font nullfont!
Missing character: There is no l in font nullfont!
Missing character: There is no e in font nullfont!
Missing character: There is no , in font nullfont!
Missing character: There is no c in font nullfont!
Missing character: There is no i in font nullfont!
Missing character: There is no r in font nullfont!
Missing character: There is no c in font nullfont!
Missing character: There is no u in font nullfont!
Missing character: There is no i in font nullfont!
Missing character: There is no t in font nullfont!
Missing character: There is no e in font nullfont!
Missing character: There is no e in font nullfont!
Missing character: There is no I in font nullfont!
Missing character: There is no E in font nullfont!
Missing character: There is no C in font nullfont!
Missing character: There is no , in font nullfont!
Missing character: There is no c in font nullfont!
Missing character: There is no i in font nullfont!
Missing character: There is no r in font nullfont!
Missing character: There is no c in font nullfont!
Missing character: There is no u in font nullfont!
Missing character: There is no i in font nullfont!
Missing character: There is no t in font nullfont!
Missing character: There is no s in font nullfont!
Missing character: There is no y in font nullfont!
Missing character: There is no m in font nullfont!
Missing character: There is no b in font nullfont!
Missing character: There is no o in font nullfont!
Missing character: There is no l in font nullfont!
Missing character: There is no l in font nullfont!
Missing character: There is no i in font nullfont!
Missing character: There is no n in font nullfont!
Missing character: There is no e in font nullfont!
Missing character: There is no s in font nullfont!
Missing character: There is no / in font nullfont!
Missing character: There is no . in font nullfont!
Missing character: There is no s in font nullfont!
Missing character: There is no t in font nullfont!
Missing character: There is no y in font nullfont!
Missing character: There is no l in font nullfont!
Missing character: There is no e in font nullfont!
Missing character: There is no = in font nullfont!
Missing character: There is no d in font nullfont!
Missing character: There is no r in font nullfont!
Missing character: There is no a in font nullfont!
Missing character: There is no w in font nullfont!
Missing character: There is no , in font nullfont!
Missing character: There is no t in font nullfont!
Missing character: There is no h in font nullfont!
Missing character: There is no i in font nullfont!
Missing character: There is no c in font nullfont!
Missing character: There is no k in font nullfont!
Missing character: There is no , in font nullfont!
Missing character: There is no f in font nullfont!
Missing character: There is no o in font nullfont!
Missing character: There is no n in font nullfont!
Missing character: There is no t in font nullfont!
Missing character: There is no = in font nullfont!
! Missing $ inserted.
<inserted text> 
                $
l.6 \matrix (
             S) [
I've inserted a begin-math/end-math symbol since I think
you left one out. Proceed, with fingers crossed.

LaTeX Font Info:    External font `cmex10' loaded for size
(Font)              <7> on input line 6.
LaTeX Font Info:    External font `cmex10' loaded for size
(Font)              <5> on input line 6.
! Undefined control sequence.
l.8   inner sep=0pt, outer sep=-.5\pgflinewidth
                                               ,
The control sequence at the end of the top line
of your error message was never \def'ed. If you have
misspelled it (e.g., `\hobx'), type `I' and the correct
spelling (e.g., `I\hbox'). Otherwise just continue,
and I'll forget about whatever was undefined.

! Misplaced alignment tab character &.
l.13   &
        &&&  \\
I can't figure out why you would want to use a tab mark
here. If you just want an ampersand, the remedy is
simple: Just type `I\&' now. But if some right brace
up above has ended a previous alignment prematurely,
you're probably due for more error messages, and you
might try typing `S' now just to see what is salvageable.

! Misplaced alignment tab character &.
l.13   &&
         &&  \\
I can't figure out why you would want to use a tab mark
here. If you just want an ampersand, the remedy is
simple: Just type `I\&' now. But if some right brace
up above has ended a previous alignment prematurely,
you're probably due for more error messages, and you
might try typing `S' now just to see what is salvageable.

! Misplaced alignment tab character &.
l.13   &&&
          &  \\
I can't figure out why you would want to use a tab mark
here. If you just want an ampersand, the remedy is
simple: Just type `I\&' now. But if some right brace
up above has ended a previous alignment prematurely,
you're probably due for more error messages, and you
might try typing `S' now just to see what is salvageable.

! Misplaced alignment tab character &.
l.13   &&&&
             \\
I can't figure out why you would want to use a tab mark
here. If you just want an ampersand, the remedy is
simple: Just type `I\&' now. But if some right brace
up above has ended a previous alignment prematurely,
you're probably due for more error messages, and you
might try typing `S' now just to see what is salvageable.

! Misplaced alignment tab character &.
<recently read> &
                 
l.14   &
        &&&  \\
I can't figure out why you would want to use a tab mark
here. If you just want an ampersand, the remedy is
simple: Just type `I\&' now. But if some right brace
up above has ended a previous alignment prematurely,
you're probably due for more error messages, and you
might try typing `S' now just to see what is salvageable.

! Misplaced alignment tab character &.
l.14   &&
         &&  \\
I can't figure out why you would want to use a tab mark
here. If you just want an ampersand, the remedy is
simple: Just type `I\&' now. But if some right brace
up above has ended a previous alignment prematurely,
you're probably due for more error messages, and you
might try typing `S' now just to see what is salvageable.

! Misplaced alignment tab character &.
l.14   &&&
          &  \\
I can't figure out why you would want to use a tab mark
here. If you just want an ampersand, the remedy is
simple: Just type `I\&' now. But if some right brace
up above has ended a previous alignment prematurely,
you're probably due for more error messages, and you
might try typing `S' now just to see what is salvageable.

! Misplaced alignment tab character &.
l.14   &&&&
             \\
I can't figure out why you would want to use a tab mark
here. If you just want an ampersand, the remedy is
simple: Just type `I\&' now. But if some right brace
up above has ended a previous alignment prematurely,
you're probably due for more error messages, and you
might try typing `S' now just to see what is salvageable.

! Misplaced alignment tab character &.
<recently read> &
                 
l.15   &
        &&&  \\
I can't figure out why you would want to use a tab mark
here. If you just want an ampersand, the remedy is
simple: Just type `I\&' now. But if some right brace
up above has ended a previous alignment prematurely,
you're probably due for more error messages, and you
might try typing `S' now just to see what is salvageable.

! Misplaced alignment tab character &.
l.15   &&
         &&  \\
I can't figure out why you would want to use a tab mark
here. If you just want an ampersand, the remedy is
simple: Just type `I\&' now. But if some right brace
up above has ended a previous alignment prematurely,
you're probably due for more error messages, and you
might try typing `S' now just to see what is salvageable.

! Misplaced alignment tab character &.
l.15   &&&
          &  \\
I can't figure out why you would want to use a tab mark
here. If you just want an ampersand, the remedy is
simple: Just type `I\&' now. But if some right brace
up above has ended a previous alignment prematurely,
you're probably due for more error messages, and you
might try typing `S' now just to see what is salvageable.

! Misplaced alignment tab character &.
l.15   &&&&
             \\
I can't figure out why you would want to use a tab mark
here. If you just want an ampersand, the remedy is
simple: Just type `I\&' now. But if some right brace
up above has ended a previous alignment prematurely,
you're probably due for more error messages, and you
might try typing `S' now just to see what is salvageable.

! Misplaced alignment tab character &.
<recently read> &
                 
l.16   &
        &&&  \\
I can't figure out why you would want to use a tab mark
here. If you just want an ampersand, the remedy is
simple: Just type `I\&' now. But if some right brace
up above has ended a previous alignment prematurely,
you're probably due for more error messages, and you
might try typing `S' now just to see what is salvageable.

! Misplaced alignment tab character &.
l.16   &&
         &&  \\
I can't figure out why you would want to use a tab mark
here. If you just want an ampersand, the remedy is
simple: Just type `I\&' now. But if some right brace
up above has ended a previous alignment prematurely,
you're probably due for more error messages, and you
might try typing `S' now just to see what is salvageable.

! Misplaced alignment tab character &.
l.16   &&&
          &  \\
I can't figure out why you would want to use a tab mark
here. If you just want an ampersand, the remedy is
simple: Just type `I\&' now. But if some right brace
up above has ended a previous alignment prematurely,
you're probably due for more error messages, and you
might try typing `S' now just to see what is salvageable.

! Misplaced alignment tab character &.
l.16   &&&&
             \\
I can't figure out why you would want to use a tab mark
here. If you just want an ampersand, the remedy is
simple: Just type `I\&' now. But if some right brace
up above has ended a previous alignment prematurely,
you're probably due for more error messages, and you
might try typing `S' now just to see what is salvageable.

! Missing $ inserted.
<inserted text> 
                $
l.18 
     
I've inserted a begin-math/end-math symbol since I think
you left one out. Proceed, with fingers crossed.


Overfull \hbox (20.0pt too wide) in paragraph at lines 1--18
[]
 []


Overfull \hbox (2.77779pt too wide) in paragraph at lines 1--18
\OT1/cmss/m/n/10 ,
 []


Overfull \hbox (23.02782pt too wide) in paragraph at lines 1--18
\OT1/cmss/m/n/10 >=la-
 []


Overfull \hbox (12.66669pt too wide) in paragraph at lines 1--18
\OT1/cmss/m/n/10 tex
 []


Overfull \hbox (2.88889pt too wide) in paragraph at lines 1--18
\OT1/cmss/m/n/10 ]
 []


Overfull \hbox (229.37518pt too wide) in paragraph at lines 1--18
[]$[] \OML/cmm/m/it/10 S\OT1/cmr/m/n/10 )[\OML/cmm/m/it/10 matrixofnodes; nodes
inemptycells; innersep \OT1/cmr/m/n/10 =
 []


Overfull \hbox (66.64587pt too wide) in paragraph at lines 1--18
\OT1/cmr/m/n/10 0\OML/cmm/m/it/10 pt; outersep \OT1/cmr/m/n/10 =
 []


Overfull \hbox (77.79297pt too wide) in paragraph at lines 1--18
\OMS/cmsy/m/n/10 ^^@\OML/cmm/m/it/10 :\OT1/cmr/m/n/10 5\OML/cmm/m/it/10 ; colum
nsep \OT1/cmr/m/n/10 =
 []


Overfull \hbox (74.00009pt too wide) in paragraph at lines 1--18
\OT1/cmr/m/n/10 15\OML/cmm/m/it/10 mm; rowsep \OT1/cmr/m/n/10 =
 []


Overfull \hbox (62.95842pt too wide) in paragraph at lines 1--18
\OT1/cmr/m/n/10 7\OML/cmm/m/it/10 mm; nodes \OT1/cmr/m/n/10 =
 []


Overfull \hbox (102.93971pt too wide) in paragraph at lines 1--18
[]\OT1/cmr/m/n/10 ][];$ 
 []

! Undefined control sequence.
l.21 \foreach
              \j in {1,...,4}
The control sequence at the end of the top line
of your error message was never \def'ed. If you have
misspelled it (e.g., `\hobx'), type `I' and the correct
spelling (e.g., `I\hbox'). Otherwise just continue,
and I'll forget about whatever was undefined.


! LaTeX Error: Missing \begin{document}.

See the LaTeX manual or LaTeX Companion for explanation.
Type  H <return>  for immediate help.
 ...                                              
                                                  
l.21 \foreach \j
                 in {1,...,4}
You're in trouble here.  Try typing  <return>  to proceed.
If that doesn't work, type  X <return>  to quit.

! Undefined control sequence.
l.22  \foreach
               \k in {1,...,5}{%
The control sequence at the end of the top line
of your error message was never \def'ed. If you have
misspelled it (e.g., `\hobx'), type `I' and the correct
spelling (e.g., `I\hbox'). Otherwise just continue,
and I'll forget about whatever was undefined.


! LaTeX Error: Command \k unavailable in encoding OT1.

See the LaTeX manual or LaTeX Companion for explanation.
Type  H <return>  for immediate help.
 ...                                              
                                                  
l.22  \foreach \k
                  in {1,...,5}{%
Your command was ignored.
Type  I <command> <return>  to replace it with another command,
or  <return>  to continue without it.

! Undefined control sequence.
l.23 \node
          [text=lightgray] at (S-\j-\k){+}; % Orientierungshilfe +
The control sequence at the end of the top line
of your error message was never \def'ed. If you have
misspelled it (e.g., `\hobx'), type `I' and the correct
spelling (e.g., `I\hbox'). Otherwise just continue,
and I'll forget about whatever was undefined.


! LaTeX Error: Command \k unavailable in encoding OT1.

See the LaTeX manual or LaTeX Companion for explanation.
Type  H <return>  for immediate help.
 ...                                              
                                                  
l.23 \node[text=lightgray] at (S-\j-\k
                                      ){+}; % Orientierungshilfe +
Your command was ignored.
Type  I <command> <return>  to replace it with another command,
or  <return>  to continue without it.

! Undefined control sequence.
l.24 \node
          [red, left] at (S-\j-1){\j}; %Orientierungshilfe Zeilennummer
The control sequence at the end of the top line
of your error message was never \def'ed. If you have
misspelled it (e.g., `\hobx'), type `I' and the correct
spelling (e.g., `I\hbox'). Otherwise just continue,
and I'll forget about whatever was undefined.

! Undefined control sequence.
l.25 \node
          [red, above] at (S-1-\k){\k}; %Orientierungshilfe Spaltennummer
The control sequence at the end of the top line
of your error message was never \def'ed. If you have
misspelled it (e.g., `\hobx'), type `I' and the correct
spelling (e.g., `I\hbox'). Otherwise just continue,
and I'll forget about whatever was undefined.


! LaTeX Error: Command \k unavailable in encoding OT1.

See the LaTeX manual or LaTeX Companion for explanation.
Type  H <return>  for immediate help.
 ...                                              
                                                  
l.25 \node[red, above] at (S-1-\k
                                 ){\k}; %Orientierungshilfe Spaltennummer
Your command was ignored.
Type  I <command> <return>  to replace it with another command,
or  <return>  to continue without it.


! LaTeX Error: Command \k unavailable in encoding OT1.

See the LaTeX manual or LaTeX Companion for explanation.
Type  H <return>  for immediate help.
 ...                                              
                                                  
l.25 \node[red, above] at (S-1-\k){\k
                                     }; %Orientierungshilfe Spaltennummer
Your command was ignored.
Type  I <command> <return>  to replace it with another command,
or  <return>  to continue without it.


Overfull \hbox (30.22223pt too wide) in paragraph at lines 21--27
[]\OT1/cmss/m/n/10 ^^Qin
 []


Overfull \hbox (23.88896pt too wide) in paragraph at lines 21--27
\OT1/cmss/m/n/10 1,...,4
 []


Overfull \hbox (7.55556pt too wide) in paragraph at lines 21--27
\OT1/cmss/m/n/10 in
 []


Overfull \hbox (89.83353pt too wide) in paragraph at lines 21--27
\OT1/cmss/m/n/10 1,...,5[text=lightgray]
 []


Overfull \hbox (8.41669pt too wide) in paragraph at lines 21--27
\OT1/cmss/m/n/10 at
 []


Overfull \hbox (12.7778pt too wide) in paragraph at lines 21--27
\OT1/cmss/m/n/10 (S-
 []


Overfull \hbox (6.0pt too wide) in paragraph at lines 21--27
\OT1/cmss/m/n/10 ^^Q-
 []


Overfull \hbox (14.44449pt too wide) in paragraph at lines 21--27
\OT1/cmss/m/n/10 )+;
 []


Overfull \hbox (18.69447pt too wide) in paragraph at lines 21--27
\OT1/cmss/m/n/10 [red,
 []


Overfull \hbox (16.3889pt too wide) in paragraph at lines 21--27
\OT1/cmss/m/n/10 left]
 []


Overfull \hbox (8.41669pt too wide) in paragraph at lines 21--27
\OT1/cmss/m/n/10 at
 []


Overfull \hbox (12.7778pt too wide) in paragraph at lines 21--27
\OT1/cmss/m/n/10 (S-
 []


Overfull \hbox (6.0pt too wide) in paragraph at lines 21--27
\OT1/cmss/m/n/10 ^^Q-
 []


Overfull \hbox (14.33337pt too wide) in paragraph at lines 21--27
\OT1/cmss/m/n/10 1)^^Q;
 []


Overfull \hbox (18.69447pt too wide) in paragraph at lines 21--27
\OT1/cmss/m/n/10 [red,
 []


Overfull \hbox (27.1945pt too wide) in paragraph at lines 21--27
\OT1/cmss/m/n/10 above]
 []


Overfull \hbox (8.41669pt too wide) in paragraph at lines 21--27
\OT1/cmss/m/n/10 at
 []


Overfull \hbox (12.7778pt too wide) in paragraph at lines 21--27
\OT1/cmss/m/n/10 (S-
 []


Overfull \hbox (8.33334pt too wide) in paragraph at lines 21--27
\OT1/cmss/m/n/10 1-
 []


Overfull \hbox (6.66669pt too wide) in paragraph at lines 21--27
\OT1/cmss/m/n/10 );
 []


Overfull \hbox (2.77779pt too wide) in paragraph at lines 21--27
\OT1/cmss/m/n/10 ; 
 []

! Undefined control sequence.
l.30 \draw
           (S-1-1) to  [battery={name=Bat}](S-3-1);
The control sequence at the end of the top line
of your error message was never \def'ed. If you have
misspelled it (e.g., `\hobx'), type `I' and the correct
spelling (e.g., `I\hbox'). Otherwise just continue,
and I'll forget about whatever was undefined.


! LaTeX Error: Missing \begin{document}.

See the LaTeX manual or LaTeX Companion for explanation.
Type  H <return>  for immediate help.
 ...                                              
                                                  
l.30 \draw (
            S-1-1) to  [battery={name=Bat}](S-3-1);
You're in trouble here.  Try typing  <return>  to proceed.
If that doesn't work, type  X <return>  to quit.

! Undefined control sequence.
l.31 \draw
           (S-1-2) to  [voltmeter ={name=VM}](S-3-2);
The control sequence at the end of the top line
of your error message was never \def'ed. If you have
misspelled it (e.g., `\hobx'), type `I' and the correct
spelling (e.g., `I\hbox'). Otherwise just continue,
and I'll forget about whatever was undefined.

! Undefined control sequence.
l.32 \draw
           (S-1-2) to  [ammeter ={name=AM}](S-1-3);
The control sequence at the end of the top line
of your error message was never \def'ed. If you have
misspelled it (e.g., `\hobx'), type `I' and the correct
spelling (e.g., `I\hbox'). Otherwise just continue,
and I'll forget about whatever was undefined.

! Undefined control sequence.
l.33 \draw
           (S-1-3) to  [resistor={info=R$_\mathsf{X}$, name=Wstd}](S-3-3);
The control sequence at the end of the top line
of your error message was never \def'ed. If you have
misspelled it (e.g., `\hobx'), type `I' and the correct
spelling (e.g., `I\hbox'). Otherwise just continue,
and I'll forget about whatever was undefined.


Overfull \hbox (32.7778pt too wide) in paragraph at lines 30--34
[]\OT1/cmss/m/n/10 (S-
 []


Overfull \hbox (8.33334pt too wide) in paragraph at lines 30--34
\OT1/cmss/m/n/10 1-
 []


Overfull \hbox (8.88892pt too wide) in paragraph at lines 30--34
\OT1/cmss/m/n/10 1)
 []


Overfull \hbox (8.61113pt too wide) in paragraph at lines 30--34
\OT1/cmss/m/n/10 to
 []


Overfull \hbox (101.22243pt too wide) in paragraph at lines 30--34
\OT1/cmss/m/n/10 [battery=name=Bat](S-
 []


Overfull \hbox (8.33334pt too wide) in paragraph at lines 30--34
\OT1/cmss/m/n/10 3-
 []


Overfull \hbox (11.6667pt too wide) in paragraph at lines 30--34
\OT1/cmss/m/n/10 1);
 []


Overfull \hbox (12.7778pt too wide) in paragraph at lines 30--34
\OT1/cmss/m/n/10 (S-
 []


Overfull \hbox (8.33334pt too wide) in paragraph at lines 30--34
\OT1/cmss/m/n/10 1-
 []


Overfull \hbox (8.88892pt too wide) in paragraph at lines 30--34
\OT1/cmss/m/n/10 2)
 []


Overfull \hbox (8.61113pt too wide) in paragraph at lines 30--34
\OT1/cmss/m/n/10 to
 []


Overfull \hbox (21.83336pt too wide) in paragraph at lines 30--34
\OT1/cmss/m/n/10 [volt-
 []


Overfull \hbox (23.86115pt too wide) in paragraph at lines 30--34
\OT1/cmss/m/n/10 meter
 []


Overfull \hbox (69.00017pt too wide) in paragraph at lines 30--34
\OT1/cmss/m/n/10 =name=VM](S-
 []


Overfull \hbox (8.33334pt too wide) in paragraph at lines 30--34
\OT1/cmss/m/n/10 3-
 []


Overfull \hbox (11.6667pt too wide) in paragraph at lines 30--34
\OT1/cmss/m/n/10 2);
 []


Overfull \hbox (12.7778pt too wide) in paragraph at lines 30--34
\OT1/cmss/m/n/10 (S-
 []


Overfull \hbox (8.33334pt too wide) in paragraph at lines 30--34
\OT1/cmss/m/n/10 1-
 []


Overfull \hbox (8.88892pt too wide) in paragraph at lines 30--34
\OT1/cmss/m/n/10 2)
 []


Overfull \hbox (8.61113pt too wide) in paragraph at lines 30--34
\OT1/cmss/m/n/10 to
 []


Overfull \hbox (18.97224pt too wide) in paragraph at lines 30--34
\OT1/cmss/m/n/10 [am-
 []


Overfull \hbox (15.72223pt too wide) in paragraph at lines 30--34
\OT1/cmss/m/n/10 me-
 []


Overfull \hbox (11.47224pt too wide) in paragraph at lines 30--34
\OT1/cmss/m/n/10 ter
 []


Overfull \hbox (69.00017pt too wide) in paragraph at lines 30--34
\OT1/cmss/m/n/10 =name=AM](S-
 []


Overfull \hbox (8.33334pt too wide) in paragraph at lines 30--34
\OT1/cmss/m/n/10 1-
 []


Overfull \hbox (11.6667pt too wide) in paragraph at lines 30--34
\OT1/cmss/m/n/10 3);
 []


Overfull \hbox (12.7778pt too wide) in paragraph at lines 30--34
\OT1/cmss/m/n/10 (S-
 []


Overfull \hbox (8.33334pt too wide) in paragraph at lines 30--34
\OT1/cmss/m/n/10 1-
 []


Overfull \hbox (8.88892pt too wide) in paragraph at lines 30--34
\OT1/cmss/m/n/10 3)
 []


Overfull \hbox (8.61113pt too wide) in paragraph at lines 30--34
\OT1/cmss/m/n/10 to
 []


Overfull \hbox (78.41689pt too wide) in paragraph at lines 30--34
\OT1/cmss/m/n/10 [resistor=info=R$[]$,
 []


Overfull \hbox (67.86122pt too wide) in paragraph at lines 30--34
\OT1/cmss/m/n/10 name=Wstd](S-
 []


Overfull \hbox (8.33334pt too wide) in paragraph at lines 30--34
\OT1/cmss/m/n/10 3-
 []


Overfull \hbox (11.6667pt too wide) in paragraph at lines 30--34
\OT1/cmss/m/n/10 3); 
 []

! Undefined control sequence.
l.37 \draw
           (S-1-1) -- (S-1-2)
The control sequence at the end of the top line
of your error message was never \def'ed. If you have
misspelled it (e.g., `\hobx'), type `I' and the correct
spelling (e.g., `I\hbox'). Otherwise just continue,
and I'll forget about whatever was undefined.


! LaTeX Error: Missing \begin{document}.

See the LaTeX manual or LaTeX Companion for explanation.
Type  H <return>  for immediate help.
 ...                                              
                                                  
l.37 \draw (
            S-1-1) -- (S-1-2)
You're in trouble here.  Try typing  <return>  to proceed.
If that doesn't work, type  X <return>  to quit.


Overfull \hbox (32.7778pt too wide) in paragraph at lines 37--39
[]\OT1/cmss/m/n/10 (S-
 []


Overfull \hbox (8.33334pt too wide) in paragraph at lines 37--39
\OT1/cmss/m/n/10 1-
 []


Overfull \hbox (8.88892pt too wide) in paragraph at lines 37--39
\OT1/cmss/m/n/10 1)
 []


Overfull \hbox (5.00002pt too wide) in paragraph at lines 37--39
\OT1/cmss/m/n/10 --
 []


Overfull \hbox (12.7778pt too wide) in paragraph at lines 37--39
\OT1/cmss/m/n/10 (S-
 []


Overfull \hbox (8.33334pt too wide) in paragraph at lines 37--39
\OT1/cmss/m/n/10 1-
 []


Overfull \hbox (8.88892pt too wide) in paragraph at lines 37--39
\OT1/cmss/m/n/10 2)
 []


Overfull \hbox (12.7778pt too wide) in paragraph at lines 37--39
\OT1/cmss/m/n/10 (S-
 []


Overfull \hbox (8.33334pt too wide) in paragraph at lines 37--39
\OT1/cmss/m/n/10 3-
 []


Overfull \hbox (8.88892pt too wide) in paragraph at lines 37--39
\OT1/cmss/m/n/10 1)
 []


Overfull \hbox (5.00002pt too wide) in paragraph at lines 37--39
\OT1/cmss/m/n/10 --
 []


Overfull \hbox (12.7778pt too wide) in paragraph at lines 37--39
\OT1/cmss/m/n/10 (S-
 []


Overfull \hbox (8.33334pt too wide) in paragraph at lines 37--39
\OT1/cmss/m/n/10 3-
 []


Overfull \hbox (11.6667pt too wide) in paragraph at lines 37--39
\OT1/cmss/m/n/10 3); 
 []

! Undefined control sequence.
l.41 \draw
          [fill=white] (S-1-1) circle (2pt)
The control sequence at the end of the top line
of your error message was never \def'ed. If you have
misspelled it (e.g., `\hobx'), type `I' and the correct
spelling (e.g., `I\hbox'). Otherwise just continue,
and I'll forget about whatever was undefined.


! LaTeX Error: Missing \begin{document}.

See the LaTeX manual or LaTeX Companion for explanation.
Type  H <return>  for immediate help.
 ...                                              
                                                  
l.41 \draw[
           fill=white] (S-1-1) circle (2pt)
You're in trouble here.  Try typing  <return>  to proceed.
If that doesn't work, type  X <return>  to quit.


Overfull \hbox (66.13893pt too wide) in paragraph at lines 41--43
[]\OT1/cmss/m/n/10 [fill=white]
 []


Overfull \hbox (12.7778pt too wide) in paragraph at lines 41--43
\OT1/cmss/m/n/10 (S-
 []


Overfull \hbox (8.33334pt too wide) in paragraph at lines 41--43
\OT1/cmss/m/n/10 1-
 []


Overfull \hbox (8.88892pt too wide) in paragraph at lines 41--43
\OT1/cmss/m/n/10 1)
 []


Overfull \hbox (13.58334pt too wide) in paragraph at lines 41--43
\OT1/cmss/m/n/10 cir-
 []


Overfull \hbox (11.27777pt too wide) in paragraph at lines 41--43
\OT1/cmss/m/n/10 cle
 []


Overfull \hbox (21.5556pt too wide) in paragraph at lines 41--43
\OT1/cmss/m/n/10 (2pt)
 []


Overfull \hbox (12.7778pt too wide) in paragraph at lines 41--43
\OT1/cmss/m/n/10 (S-
 []


Overfull \hbox (8.33334pt too wide) in paragraph at lines 41--43
\OT1/cmss/m/n/10 3-
 []


Overfull \hbox (8.88892pt too wide) in paragraph at lines 41--43
\OT1/cmss/m/n/10 1)
 []


Overfull \hbox (13.58334pt too wide) in paragraph at lines 41--43
\OT1/cmss/m/n/10 cir-
 []


Overfull \hbox (11.27777pt too wide) in paragraph at lines 41--43
\OT1/cmss/m/n/10 cle
 []


Overfull \hbox (24.33339pt too wide) in paragraph at lines 41--43
\OT1/cmss/m/n/10 (2pt); 
 []

! Undefined control sequence.
l.44 \draw
          [fill=black] (S-1-2) circle (1.5pt)
The control sequence at the end of the top line
of your error message was never \def'ed. If you have
misspelled it (e.g., `\hobx'), type `I' and the correct
spelling (e.g., `I\hbox'). Otherwise just continue,
and I'll forget about whatever was undefined.


! LaTeX Error: Missing \begin{document}.

See the LaTeX manual or LaTeX Companion for explanation.
Type  H <return>  for immediate help.
 ...                                              
                                                  
l.44 \draw[
           fill=black] (S-1-2) circle (1.5pt)
You're in trouble here.  Try typing  <return>  to proceed.
If that doesn't work, type  X <return>  to quit.


Overfull \hbox (65.38895pt too wide) in paragraph at lines 44--46
[]\OT1/cmss/m/n/10 [fill=black]
 []


Overfull \hbox (12.7778pt too wide) in paragraph at lines 44--46
\OT1/cmss/m/n/10 (S-
 []


Overfull \hbox (8.33334pt too wide) in paragraph at lines 44--46
\OT1/cmss/m/n/10 1-
 []


Overfull \hbox (8.88892pt too wide) in paragraph at lines 44--46
\OT1/cmss/m/n/10 2)
 []


Overfull \hbox (13.58334pt too wide) in paragraph at lines 44--46
\OT1/cmss/m/n/10 cir-
 []


Overfull \hbox (11.27777pt too wide) in paragraph at lines 44--46
\OT1/cmss/m/n/10 cle
 []


Overfull \hbox (29.3334pt too wide) in paragraph at lines 44--46
\OT1/cmss/m/n/10 (1.5pt)
 []


Overfull \hbox (12.7778pt too wide) in paragraph at lines 44--46
\OT1/cmss/m/n/10 (S-
 []


Overfull \hbox (8.33334pt too wide) in paragraph at lines 44--46
\OT1/cmss/m/n/10 3-
 []


Overfull \hbox (8.88892pt too wide) in paragraph at lines 44--46
\OT1/cmss/m/n/10 2)
 []


Overfull \hbox (13.58334pt too wide) in paragraph at lines 44--46
\OT1/cmss/m/n/10 cir-
 []


Overfull \hbox (11.27777pt too wide) in paragraph at lines 44--46
\OT1/cmss/m/n/10 cle
 []


Overfull \hbox (32.11119pt too wide) in paragraph at lines 44--46
\OT1/cmss/m/n/10 (1.5pt); 
 []


! LaTeX Error: The font size command \normalsize is not defined:
               there is probably something wrong with the class file.

See the LaTeX manual or LaTeX Companion for explanation.
Type  H <return>  for immediate help.
 ...                                              
                                                  
l.46 
     
Your command was ignored.
Type  I <command> <return>  to replace it with another command,
or  <return>  to continue without it.

[1{/var/lib/texmf/fonts/map/pdftex/updmap/pdftex.map}]
! Undefined control sequence.
l.50 \draw
          [UPfeil=0.25em] ([xshift=8mm]S-1-1.east) --
The control sequence at the end of the top line
of your error message was never \def'ed. If you have
misspelled it (e.g., `\hobx'), type `I' and the correct
spelling (e.g., `I\hbox'). Otherwise just continue,
and I'll forget about whatever was undefined.


! LaTeX Error: Missing \begin{document}.

See the LaTeX manual or LaTeX Companion for explanation.
Type  H <return>  for immediate help.
 ...                                              
                                                  
l.50 \draw[
           UPfeil=0.25em] ([xshift=8mm]S-1-1.east) --
You're in trouble here.  Try typing  <return>  to proceed.
If that doesn't work, type  X <return>  to quit.

! Missing { inserted.
<to be read again> 
                   $
l.51 ...t=8mm]S-3-1.east) node[midway, right]{U$_$
                                                  };
A left brace was mandatory here, so I've put one in.
You might want to delete and/or insert some corrections
so that I will find a matching right brace soon.
(If you're confused by all this, try typing `I}' now.)

! Missing } inserted.
<inserted text> 
                }
l.51 ...t=8mm]S-3-1.east) node[midway, right]{U$_$
                                                  };
I've inserted something that you may have forgotten.
(See the <inserted text> above.)
With luck, this will get me unwedged. But if you
really didn't forget anything, try typing `2' now; then
my insertion and my current dilemma will both disappear.


Overfull \hbox (89.26404pt too wide) in paragraph at lines 50--52
[]\OT1/cmss/m/n/10 [UPfeil=0.25em]
 []


Overfull \hbox (69.889pt too wide) in paragraph at lines 50--52
\OT1/cmss/m/n/10 ([xshift=8mm]S-
 []


Overfull \hbox (8.33334pt too wide) in paragraph at lines 50--52
\OT1/cmss/m/n/10 1-
 []


Overfull \hbox (28.36116pt too wide) in paragraph at lines 50--52
\OT1/cmss/m/n/10 1.east)
 []


Overfull \hbox (5.00002pt too wide) in paragraph at lines 50--52
\OT1/cmss/m/n/10 --
 []


Overfull \hbox (69.889pt too wide) in paragraph at lines 50--52
\OT1/cmss/m/n/10 ([xshift=8mm]S-
 []


Overfull \hbox (8.33334pt too wide) in paragraph at lines 50--52
\OT1/cmss/m/n/10 3-
 []


Overfull \hbox (28.36116pt too wide) in paragraph at lines 50--52
\OT1/cmss/m/n/10 1.east)
 []


Overfull \hbox (56.08342pt too wide) in paragraph at lines 50--52
\OT1/cmss/m/n/10 node[midway,
 []


Overfull \hbox (32.62509pt too wide) in paragraph at lines 50--52
\OT1/cmss/m/n/10 right]U$[]$; 
 []

! Undefined control sequence.
l.54 \draw
          [UPfeil=-1em]([yshift=.5em]AM.north west) --
The control sequence at the end of the top line
of your error message was never \def'ed. If you have
misspelled it (e.g., `\hobx'), type `I' and the correct
spelling (e.g., `I\hbox'). Otherwise just continue,
and I'll forget about whatever was undefined.


! LaTeX Error: Missing \begin{document}.

See the LaTeX manual or LaTeX Companion for explanation.
Type  H <return>  for immediate help.
 ...                                              
                                                  
l.54 \draw[
           UPfeil=-1em]([yshift=.5em]AM.north west) --
You're in trouble here.  Try typing  <return>  to proceed.
If that doesn't work, type  X <return>  to quit.


Overfull \hbox (59.54175pt too wide) in paragraph at lines 54--56
[]\OT1/cmss/m/n/10 [UPfeil=-
 []


Overfull \hbox (120.83357pt too wide) in paragraph at lines 54--56
\OT1/cmss/m/n/10 1em]([yshift=.5em]AM.north
 []


Overfull \hbox (22.33336pt too wide) in paragraph at lines 54--56
\OT1/cmss/m/n/10 west)
 []


Overfull \hbox (5.00002pt too wide) in paragraph at lines 54--56
\OT1/cmss/m/n/10 --
 []


Overfull \hbox (20.05559pt too wide) in paragraph at lines 54--56
\OT1/cmss/m/n/10 node
 []


Overfull \hbox (142.97261pt too wide) in paragraph at lines 54--56
\OT1/cmss/m/n/10 [above]U$[]$([yshift=.5em]AM.north
 []


Overfull \hbox (23.36115pt too wide) in paragraph at lines 54--56
\OT1/cmss/m/n/10 east); 
 []

! Undefined control sequence.
l.58 \draw
          [IPfeil=0em,rounded corners=10pt]
The control sequence at the end of the top line
of your error message was never \def'ed. If you have
misspelled it (e.g., `\hobx'), type `I' and the correct
spelling (e.g., `I\hbox'). Otherwise just continue,
and I'll forget about whatever was undefined.


! LaTeX Error: Missing \begin{document}.

See the LaTeX manual or LaTeX Companion for explanation.
Type  H <return>  for immediate help.
 ...                                              
                                                  
l.58 \draw[
           IPfeil=0em,rounded corners=10pt]
You're in trouble here.  Try typing  <return>  to proceed.
If that doesn't work, type  X <return>  to quit.


! LaTeX Error: \begin{document} ended by \end{tikzpicture}.

See the LaTeX manual or LaTeX Companion for explanation.
Type  H <return>  for immediate help.
 ...                                              
                                                  
l.63 \end{tikzpicture}
                      
Your command was ignored.
Type  I <command> <return>  to replace it with another command,
or  <return>  to continue without it.

)
! Emergency stop.
<*> Tikz.tex
            
*** (job aborted, no legal \end found)

 
Here is how much of TeX's memory you used:
 19 strings out of 493054
 263 string characters out of 6140585
 56374 words of memory out of 5000000
 3638 multiletter control sequences out of 15000+600000
 4545 words of font info for 17 fonts, out of 8000000 for 9000
 1141 hyphenation exceptions out of 8191
 19i,10n,15p,96b,126s stack positions out of 5000i,500n,10000p,200000b,80000s
!  ==> Fatal error occurred, no output PDF file produced!
